2020-05-04 22:37:21,046 INFO  [Log] *******started execution*********** 
2020-05-04 22:37:28,141 INFO  [Log] Test 
2020-05-04 22:37:34,208 INFO  [Log] Application close successfully 
2020-05-04 22:37:34,208 INFO  [Log] *******End execution*********** 
2020-05-04 22:39:23,462 INFO  [Log] *******started execution*********** 
2020-05-04 22:39:49,523 INFO  [Log] *******Employee Added***********0133 
2020-05-04 22:39:57,150 INFO  [Log] *******Employee Added***********0134 
2020-05-04 22:40:04,246 INFO  [Log] *******Employee Added***********0135 
2020-05-04 22:40:11,752 INFO  [Log] *******Employee Added***********0136 
2020-05-04 22:40:19,521 INFO  [Log] *******Employee Added***********0137 
2020-05-04 22:40:29,593 INFO  [Log] Application close successfully 
2020-05-04 22:40:29,607 INFO  [Log] *******End execution*********** 
2020-05-04 22:41:47,231 INFO  [Log] *******started execution*********** 
2020-05-04 22:42:04,945 INFO  [Log] *******Employee Deleted***********0133 
2020-05-04 22:42:07,411 INFO  [Log] *******Employee Deleted***********0134 
2020-05-04 22:42:10,565 INFO  [Log] *******Employee Deleted***********0135 
2020-05-04 22:42:13,192 INFO  [Log] *******Employee Deleted***********0136 
2020-05-04 22:42:15,445 INFO  [Log] *******Employee Deleted***********0137 
2020-05-04 22:42:22,426 INFO  [Log] Application close successfully 
2020-05-04 22:42:22,426 INFO  [Log] *******End execution*********** 
2020-05-04 22:52:36,651 INFO  [Log] *******started execution*********** 
2020-05-04 22:52:44,593 INFO  [Log] Test 
2020-05-04 22:52:52,788 INFO  [Log] Application close successfully 
2020-05-04 22:52:52,788 INFO  [Log] *******End execution*********** 
2020-05-04 22:52:52,868 INFO  [Log] *******started execution*********** 
2020-05-04 22:53:17,241 INFO  [Log] *******Employee Added***********0138 
2020-05-04 22:53:25,601 INFO  [Log] *******Employee Added***********0139 
2020-05-04 22:53:33,260 INFO  [Log] *******Employee Added***********0140 
2020-05-04 22:53:40,739 INFO  [Log] *******Employee Added***********0141 
2020-05-04 22:53:47,764 INFO  [Log] *******Employee Added***********0142 
2020-05-04 22:53:53,767 INFO  [Log] Application close successfully 
2020-05-04 22:53:53,767 INFO  [Log] *******End execution*********** 
2020-05-04 22:53:53,850 INFO  [Log] *******started execution*********** 
2020-05-04 22:54:06,130 INFO  [Log] *******Employee Deleted***********0138 
2020-05-04 22:54:08,243 INFO  [Log] *******Employee Deleted***********0139 
2020-05-04 22:54:10,360 INFO  [Log] *******Employee Deleted***********0140 
2020-05-04 22:54:12,454 INFO  [Log] *******Employee Deleted***********0141 
2020-05-04 22:54:14,618 INFO  [Log] *******Employee Deleted***********0142 
2020-05-04 22:54:21,819 INFO  [Log] Application close successfully 
2020-05-04 22:54:21,819 INFO  [Log] *******End execution*********** 
2020-05-04 23:08:33,890 INFO  [Log] *******started execution*********** 
2020-05-04 23:08:52,113 INFO  [Log] Test 
2020-05-04 23:09:07,217 INFO  [Log] Application close successfully 
2020-05-04 23:09:07,217 INFO  [Log] *******End execution*********** 
2020-05-04 23:09:07,298 INFO  [Log] *******started execution*********** 
2020-05-04 23:09:50,598 INFO  [Log] *******Employee Added***********0143 
2020-05-04 23:09:58,346 INFO  [Log] *******Employee Added***********0144 
2020-05-04 23:10:07,314 INFO  [Log] *******Employee Added***********0145 
2020-05-04 23:10:14,535 INFO  [Log] *******Employee Added***********0146 
2020-05-04 23:10:21,917 INFO  [Log] *******Employee Added***********0147 
2020-05-04 23:10:32,244 INFO  [Log] Application close successfully 
2020-05-04 23:10:32,244 INFO  [Log] *******End execution*********** 
2020-05-04 23:10:32,360 INFO  [Log] *******started execution*********** 
2020-05-04 23:11:01,871 INFO  [Log] *******Employee Deleted***********0143 
2020-05-04 23:11:04,287 INFO  [Log] *******Employee Deleted***********0144 
2020-05-04 23:11:06,813 INFO  [Log] *******Employee Deleted***********0145 
2020-05-04 23:11:09,196 INFO  [Log] *******Employee Deleted***********0146 
2020-05-04 23:11:11,880 INFO  [Log] *******Employee Deleted***********0147 
2020-05-04 23:11:20,112 INFO  [Log] Application close successfully 
2020-05-04 23:11:20,112 INFO  [Log] *******End execution*********** 
2020-05-04 23:13:18,021 INFO  [Log] *******started execution*********** 
2020-05-04 23:13:32,632 INFO  [Log] Test 
2020-05-04 23:13:40,113 INFO  [Log] Application close successfully 
2020-05-04 23:13:40,114 INFO  [Log] *******End execution*********** 
2020-05-04 23:13:40,198 INFO  [Log] *******started execution*********** 
2020-05-04 23:14:38,459 INFO  [Log] *******Employee Added***********0148 
2020-05-04 23:14:45,508 INFO  [Log] *******Employee Added***********0149 
2020-05-04 23:14:52,525 INFO  [Log] *******Employee Added***********0150 
2020-05-04 23:14:59,535 INFO  [Log] *******Employee Added***********0151 
2020-05-04 23:15:06,572 INFO  [Log] *******Employee Added***********0152 
2020-05-04 23:15:12,428 INFO  [Log] Application close successfully 
2020-05-04 23:15:12,429 INFO  [Log] *******End execution*********** 
2020-05-04 23:15:12,507 INFO  [Log] *******started execution*********** 
2020-05-04 23:15:30,419 INFO  [Log] *******Employee Deleted***********0148 
2020-05-04 23:15:32,855 INFO  [Log] *******Employee Deleted***********0149 
2020-05-04 23:15:35,000 INFO  [Log] *******Employee Deleted***********0150 
2020-05-04 23:15:37,173 INFO  [Log] *******Employee Deleted***********0151 
2020-05-04 23:15:39,337 INFO  [Log] *******Employee Deleted***********0152 
2020-05-04 23:15:46,160 INFO  [Log] Application close successfully 
2020-05-04 23:15:46,160 INFO  [Log] *******End execution*********** 
2020-05-04 23:24:15,932 INFO  [Log] *******started execution*********** 
2020-05-04 23:24:27,476 INFO  [Log] Test 
2020-05-04 23:24:36,557 INFO  [Log] Application close successfully 
2020-05-04 23:24:36,557 INFO  [Log] *******End execution*********** 
2020-05-04 23:24:36,661 INFO  [Log] *******started execution*********** 
2020-05-04 23:25:55,492 INFO  [Log] *******Employee Added***********0153 
2020-05-04 23:26:03,916 INFO  [Log] *******Employee Added***********0154 
2020-05-04 23:26:11,701 INFO  [Log] *******Employee Added***********0155 
2020-05-04 23:26:19,274 INFO  [Log] *******Employee Added***********0156 
2020-05-04 23:26:27,206 INFO  [Log] *******Employee Added***********0157 
2020-05-04 23:26:33,154 INFO  [Log] Application close successfully 
2020-05-04 23:26:33,154 INFO  [Log] *******End execution*********** 
2020-05-04 23:26:33,258 INFO  [Log] *******started execution*********** 
2020-05-04 23:26:52,693 INFO  [Log] *******Employee Deleted***********0153 
2020-05-04 23:26:54,982 INFO  [Log] *******Employee Deleted***********0154 
2020-05-04 23:26:57,164 INFO  [Log] *******Employee Deleted***********0155 
2020-05-04 23:26:59,352 INFO  [Log] *******Employee Deleted***********0156 
2020-05-04 23:27:01,519 INFO  [Log] *******Employee Deleted***********0157 
2020-05-04 23:27:08,442 INFO  [Log] Application close successfully 
2020-05-04 23:27:08,442 INFO  [Log] *******End execution*********** 
2020-05-04 23:27:25,198 INFO  [Log] *******started execution*********** 
2020-05-04 23:27:33,188 INFO  [Log] Test 
2020-05-04 23:27:41,897 INFO  [Log] Application close successfully 
2020-05-04 23:27:41,897 INFO  [Log] *******End execution*********** 
2020-05-04 23:27:41,959 INFO  [Log] *******started execution*********** 
2020-05-04 23:28:00,882 INFO  [Log] *******Employee Added***********0158 
2020-05-04 23:28:09,437 INFO  [Log] *******Employee Added***********0159 
2020-05-04 23:28:19,517 INFO  [Log] *******Employee Added***********0160 
2020-05-04 23:28:33,403 INFO  [Log] *******Employee Added***********0161 
2020-05-04 23:28:41,365 INFO  [Log] *******Employee Added***********0162 
2020-05-04 23:28:51,709 INFO  [Log] Application close successfully 
2020-05-04 23:28:51,709 INFO  [Log] *******End execution*********** 
2020-05-04 23:28:51,855 INFO  [Log] *******started execution*********** 
2020-05-04 23:29:06,808 INFO  [Log] *******Employee Deleted***********0158 
2020-05-04 23:29:09,303 INFO  [Log] *******Employee Deleted***********0159 
2020-05-04 23:29:11,751 INFO  [Log] *******Employee Deleted***********0160 
2020-05-04 23:29:13,940 INFO  [Log] *******Employee Deleted***********0161 
2020-05-04 23:29:16,171 INFO  [Log] *******Employee Deleted***********0162 
2020-05-04 23:29:27,477 INFO  [Log] Application close successfully 
2020-05-04 23:29:27,477 INFO  [Log] *******End execution*********** 
2020-05-11 21:57:43,195 INFO  [Log] *******started execution*********** 
2020-05-11 21:57:43,717 INFO  [Log] *******started execution*********** 
2020-05-11 21:57:43,788 INFO  [Log] *******started execution*********** 
2020-05-11 21:58:48,782 INFO  [Log] *******started execution*********** 
2020-05-11 22:00:00,512 INFO  [Log] *******started execution*********** 
2020-05-11 22:01:49,060 INFO  [Log] *******started execution*********** 
2020-05-11 22:02:18,218 INFO  [Log] Test 
2020-05-11 22:02:40,609 INFO  [Log] Application close successfully 
2020-05-11 22:02:40,609 INFO  [Log] *******End execution*********** 
2020-05-11 22:04:07,170 INFO  [Log] *******started execution*********** 
2020-05-11 22:04:48,796 INFO  [Log] *******started execution*********** 
2020-05-11 22:04:58,312 INFO  [Log] Test 
2020-05-11 22:05:11,088 INFO  [Log] Application close successfully 
2020-05-11 22:05:11,088 INFO  [Log] *******End execution*********** 
2020-05-11 22:05:34,245 INFO  [Log] *******started execution*********** 
2020-05-11 22:05:46,686 INFO  [Log] Test 
2020-05-11 22:05:59,572 INFO  [Log] Application close successfully 
2020-05-11 22:05:59,572 INFO  [Log] *******End execution*********** 
2020-05-11 22:06:00,096 INFO  [Log] *******started execution*********** 
2020-05-11 22:06:50,956 INFO  [Log] *******Employee Added***********0163 
2020-05-11 22:06:58,422 INFO  [Log] *******Employee Added***********0164 
2020-05-11 22:07:06,777 INFO  [Log] *******Employee Added***********0165 
2020-05-11 22:07:14,063 INFO  [Log] *******Employee Added***********0166 
2020-05-11 22:07:21,360 INFO  [Log] *******Employee Added***********0167 
2020-05-11 22:07:28,727 INFO  [Log] Application close successfully 
2020-05-11 22:07:28,727 INFO  [Log] *******End execution*********** 
2020-05-11 22:07:28,830 INFO  [Log] *******started execution*********** 
2020-05-11 22:07:52,831 INFO  [Log] *******Employee Deleted***********0163 
2020-05-11 22:07:55,381 INFO  [Log] *******Employee Deleted***********0164 
2020-05-11 22:07:58,011 INFO  [Log] *******Employee Deleted***********0165 
2020-05-11 22:08:00,888 INFO  [Log] *******Employee Deleted***********0166 
2020-05-11 22:08:03,361 INFO  [Log] *******Employee Deleted***********0167 
2020-05-11 22:08:10,542 INFO  [Log] Application close successfully 
2020-05-11 22:08:10,542 INFO  [Log] *******End execution*********** 
